\BOOKMARK [1][-]{section*.1}{\376\377\000I\000n\000t\000r\000o\000d\000u\000c\000c\000i\000\363\000n}{}% 1
\BOOKMARK [1][-]{section*.1}{\376\377\000P\000l\000a\000n\000t\000e\000a\000m\000i\000e\000n\000t\000o\000\040\000d\000e\000l\000\040\000P\000r\000o\000b\000l\000e\000m\000a}{}% 2
\BOOKMARK [2][-]{figure.caption.2}{\376\377\000D\000e\000s\000c\000r\000i\000p\000c\000i\000\363\000n\000\040\000d\000e\000l\000\040\000P\000r\000o\000b\000l\000e\000m\000a}{section*.1}% 3
\BOOKMARK [2][-]{figure.caption.2}{\376\377\000F\000o\000r\000m\000u\000l\000a\000c\000i\000\363\000n\000\040\000d\000e\000l\000\040\000P\000r\000o\000b\000l\000e\000m\000a}{section*.1}% 4
\BOOKMARK [2][-]{figure.caption.2}{\376\377\000J\000u\000s\000t\000i\000f\000i\000c\000a\000c\000i\000\363\000n\000\040\000d\000e\000l\000\040\000P\000r\000o\000b\000l\000e\000m\000a}{section*.1}% 5
\BOOKMARK [1][-]{figure.caption.2}{\376\377\000O\000b\000j\000e\000t\000i\000v\000o\000s}{}% 6
\BOOKMARK [2][-]{section*.3}{\376\377\000O\000b\000j\000e\000t\000i\000v\000o\000\040\000G\000e\000n\000e\000r\000a\000l}{figure.caption.2}% 7
\BOOKMARK [2][-]{section*.3}{\376\377\000O\000b\000j\000e\000t\000i\000v\000o\000\040\000E\000s\000p\000e\000c\000\355\000f\000i\000c\000o\000s}{figure.caption.2}% 8
\BOOKMARK [1][-]{section*.3}{\376\377\000M\000a\000r\000c\000o\000\040\000T\000e\000\363\000r\000i\000c\000o}{}% 9
\BOOKMARK [2][-]{section*.4}{\376\377\000D\000e\000f\000i\000n\000i\000c\000i\000o\000n\000e\000s\000\040\000p\000r\000e\000v\000i\000a\000s}{section*.3}% 10
\BOOKMARK [3][-]{section*.4}{\376\377\000F\000i\000n\000a\000n\000z\000a\000s\000\040\000p\000e\000r\000s\000o\000n\000a\000l\000e\000s}{section*.3}% 11
\BOOKMARK [3][-]{section*.4}{\376\377\000N\000\363\000m\000a\000d\000a\000s\000\040\000d\000i\000g\000i\000t\000a\000l\000e\000s}{section*.3}% 12
\BOOKMARK [3][-]{section*.4}{\376\377\000P\000l\000a\000n\000\040\000d\000e\000\040\000n\000e\000g\000o\000c\000i\000o}{section*.3}% 13
\BOOKMARK [3][-]{section*.4}{\376\377\000H\000e\000r\000r\000a\000m\000i\000e\000n\000t\000a\000s\000\040\000t\000e\000c\000n\000o\000l\000\363\000g\000i\000c\000a\000s\000\040\000p\000a\000r\000a\000\040\000e\000l\000\040\000a\000s\000e\000s\000o\000r\000a\000m\000i\000e\000n\000t\000o\000\040\000f\000i\000n\000a\000n\000c\000i\000e\000r\000o}{section*.3}% 14
\BOOKMARK [2][-]{section*.4}{\376\377\000D\000e\000s\000c\000r\000i\000p\000c\000i\000\363\000n\000\040\000d\000e\000\040\000c\000o\000m\000p\000e\000t\000e\000n\000c\000i\000a}{section*.3}% 15
\BOOKMARK [2][-]{figure.caption.5}{\376\377\000A\000n\000\341\000l\000i\000s\000i\000s\000\040\000e\000c\000o\000n\000\363\000m\000i\000c\000o}{section*.3}% 16
\BOOKMARK [2][-]{figure.caption.5}{\376\377\000M\000a\000r\000c\000o\000\040\000r\000e\000f\000e\000r\000e\000n\000c\000i\000a\000l}{section*.3}% 17
\BOOKMARK [2][-]{figure.caption.5}{\376\377\000A\000n\000t\000e\000c\000e\000d\000e\000n\000t\000e\000s}{section*.3}% 18
\BOOKMARK [3][-]{section*.6}{\376\377\000N\000i\000v\000e\000l\000\040\000r\000e\000g\000i\000o\000n\000a\000l}{figure.caption.5}% 19
\BOOKMARK [3][-]{figure.caption.7}{\376\377\000N\000i\000v\000e\000l\000\040\000g\000l\000o\000b\000a\000l}{figure.caption.5}% 20
\BOOKMARK [1][-]{figure.caption.7}{\376\377\000C\000o\000m\000p\000e\000t\000e\000n\000c\000i\000a}{}% 21
\BOOKMARK [2][-]{section*.8}{\376\377\000B\000B\000V\000A\000\040\000B\000c\000o\000n\000o\000m\000y}{figure.caption.7}% 22
\BOOKMARK [2][-]{figure.caption.9}{\376\377\000F\000i\000n\000t\000o\000n\000i\000c}{figure.caption.7}% 23
\BOOKMARK [2][-]{figure.caption.10}{\376\377\000N\000e\000q\000u\000i}{figure.caption.7}% 24
\BOOKMARK [1][-]{figure.caption.11}{\376\377\000A\000n\000\341\000l\000i\000s\000i\000s\000\040\000d\000e\000\040\000l\000a\000\040\000c\000o\000m\000p\000e\000t\000e\000n\000c\000i\000a}{}% 25
\BOOKMARK [2][-]{section*.12}{\376\377\000R\000i\000v\000a\000l\000i\000d\000a\000d\000\040\000e\000n\000t\000r\000e\000\040\000c\000o\000m\000p\000e\000t\000i\000d\000o\000r\000e\000s\000\040\000e\000x\000i\000s\000t\000e\000n\000t\000e\000s}{figure.caption.11}% 26
\BOOKMARK [2][-]{section*.12}{\376\377\000A\000m\000e\000n\000a\000z\000a\000\040\000d\000e\000\040\000n\000u\000e\000v\000o\000s\000\040\000e\000n\000t\000r\000a\000n\000t\000e\000s}{figure.caption.11}% 27
\BOOKMARK [2][-]{section*.12}{\376\377\000P\000o\000d\000e\000r\000\040\000d\000e\000\040\000n\000e\000g\000o\000c\000i\000a\000c\000i\000\363\000n\000\040\000d\000e\000\040\000l\000o\000s\000\040\000p\000r\000o\000v\000e\000e\000d\000o\000r\000e\000s}{figure.caption.11}% 28
\BOOKMARK [2][-]{section*.12}{\376\377\000P\000o\000d\000e\000r\000\040\000d\000e\000\040\000n\000e\000g\000o\000c\000i\000a\000c\000i\000\363\000n\000\040\000d\000e\000\040\000l\000o\000s\000\040\000c\000l\000i\000e\000n\000t\000e\000s}{figure.caption.11}% 29
\BOOKMARK [2][-]{section*.12}{\376\377\000A\000m\000e\000n\000a\000z\000a\000\040\000d\000e\000\040\000p\000r\000o\000d\000u\000c\000t\000o\000s\000\040\000s\000u\000s\000t\000i\000t\000u\000t\000o\000s}{figure.caption.11}% 30
\BOOKMARK [2][-]{section*.12}{\376\377\000C\000o\000n\000c\000e\000p\000t\000o\000s\000\040\000d\000e\000\040\000M\000o\000d\000e\000l\000o\000\040\000d\000e\000\040\000N\000e\000g\000o\000c\000i\000o}{figure.caption.11}% 31
\BOOKMARK [3][-]{section*.13}{\376\377\000M\000o\000d\000e\000l\000o\000\040\000d\000e\000\040\000N\000e\000g\000o\000c\000i\000o}{section*.12}% 32
\BOOKMARK [3][-]{section*.13}{\376\377\000M\000o\000d\000e\000l\000o\000\040\000C\000a\000n\000v\000a\000s}{section*.12}% 33
\BOOKMARK [1][-]{figure.caption.14}{\376\377\000A\000l\000c\000a\000n\000c\000e\000s\000\040\000y\000\040\000L\000i\000m\000i\000t\000a\000c\000i\000o\000n\000e\000s}{}% 34
\BOOKMARK [2][-]{section*.15}{\376\377\000A\000l\000c\000a\000n\000c\000e\000s}{figure.caption.14}% 35
\BOOKMARK [2][-]{section*.15}{\376\377\000L\000i\000m\000i\000t\000a\000c\000i\000o\000n\000e\000s}{figure.caption.14}% 36
\BOOKMARK [1][-]{section*.15}{\376\377\000M\000o\000d\000e\000l\000o\000\040\000d\000e\000\040\000N\000e\000g\000o\000c\000i\000o}{}% 37
\BOOKMARK [2][-]{figure.caption.16}{\376\377\000S\000e\000g\000m\000e\000n\000t\000o\000\040\000d\000e\000l\000\040\000M\000e\000r\000c\000a\000d\000o\000\040\000\050\000S\000M\000\051}{section*.15}% 38
\BOOKMARK [2][-]{figure.caption.16}{\376\377\000P\000r\000o\000p\000u\000e\000s\000t\000a\000\040\000d\000e\000\040\000V\000a\000l\000o\000r\000\040\000\050\000P\000V\000\051}{section*.15}% 39
\BOOKMARK [2][-]{figure.caption.16}{\376\377\000C\000a\000n\000a\000l\000e\000s\000\040\000d\000e\000\040\000D\000i\000s\000t\000r\000i\000b\000u\000c\000i\000\363\000n\000\040\000\050\000C\000D\000\051}{section*.15}% 40
\BOOKMARK [2][-]{figure.caption.16}{\376\377\000R\000e\000l\000a\000c\000i\000o\000n\000e\000s\000\040\000c\000o\000n\000\040\000C\000l\000i\000e\000n\000t\000e\000s\000\040\000\050\000C\000L\000I\000\051}{section*.15}% 41
\BOOKMARK [2][-]{figure.caption.16}{\376\377\000F\000u\000e\000n\000t\000e\000s\000\040\000d\000e\000\040\000I\000n\000g\000r\000e\000s\000o\000s\000\040\000\050\000F\000I\000\051}{section*.15}% 42
\BOOKMARK [2][-]{figure.caption.16}{\376\377\000A\000c\000t\000i\000v\000i\000d\000a\000d\000e\000s\000\040\000C\000l\000a\000v\000e\000\040\000\050\000A\000C\000\051}{section*.15}% 43
\BOOKMARK [2][-]{figure.caption.16}{\376\377\000R\000e\000c\000u\000r\000s\000o\000s\000\040\000C\000l\000a\000v\000e\000\040\000\050\000R\000C\000\051}{section*.15}% 44
\BOOKMARK [2][-]{figure.caption.16}{\376\377\000S\000o\000c\000i\000o\000s\000\040\000C\000l\000a\000v\000e\000\040\000\050\000S\000C\000\051}{section*.15}% 45
\BOOKMARK [2][-]{figure.caption.16}{\376\377\000E\000s\000t\000r\000u\000c\000t\000u\000r\000a\000\040\000d\000e\000\040\000C\000o\000s\000t\000o\000s\000\050\000E\000C\000\051}{section*.15}% 46
\BOOKMARK [1][-]{figure.caption.16}{\376\377\000M\000e\000t\000o\000d\000o\000l\000o\000g\000\355\000a}{}% 47
\BOOKMARK [2][-]{section*.17}{\376\377\000F\000a\000s\000e\000\040\0001\000:\000\040\000P\000r\000e\000s\000e\000n\000t\000a\000c\000i\000\363\000n\000\040\000y\000\040\000c\000o\000m\000p\000r\000o\000m\000i\000s\000o\000\040\000d\000e\000l\000\040\000e\000q\000u\000i\000p\000o}{figure.caption.16}% 48
\BOOKMARK [2][-]{table.caption.18}{\376\377\000F\000a\000s\000e\000\040\0002\000:\000\040\000A\000n\000\341\000l\000i\000s\000i\000s\000\040\000d\000e\000\040\000l\000a\000\040\000s\000i\000t\000u\000a\000c\000i\000\363\000n}{figure.caption.16}% 49
\BOOKMARK [2][-]{table.caption.19}{\376\377\000F\000a\000s\000e\000\040\0003\000:\000\040\000D\000e\000f\000i\000n\000i\000c\000i\000\363\000n\000\040\000d\000e\000\040\000l\000a\000\040\000e\000m\000p\000r\000e\000s\000a}{figure.caption.16}% 50
\BOOKMARK [2][-]{table.caption.20}{\376\377\000F\000a\000s\000e\000\040\0004\000:\000\040\000E\000s\000t\000r\000u\000c\000t\000u\000r\000a\000c\000i\000\363\000n}{figure.caption.16}% 51
\BOOKMARK [2][-]{table.caption.21}{\376\377\000C\000r\000o\000n\000o\000g\000r\000a\000m\000a}{figure.caption.16}% 52
\BOOKMARK [1][-]{figure.caption.22}{\376\377\000I\000n\000f\000o\000r\000m\000a\000c\000i\000\363\000n\000\040\000d\000e\000\040\000l\000a\000\040\000E\000m\000p\000r\000e\000s\000a}{}% 53
\BOOKMARK [2][-]{section*.23}{\376\377\000M\000i\000s\000i\000\363\000n}{figure.caption.22}% 54
\BOOKMARK [2][-]{section*.23}{\376\377\000V\000i\000s\000i\000\363\000n}{figure.caption.22}% 55
\BOOKMARK [2][-]{section*.23}{\376\377\000V\000a\000l\000o\000r\000e\000s}{figure.caption.22}% 56
\BOOKMARK [2][-]{section*.23}{\376\377\000M\000o\000d\000e\000l\000o\000\040\000o\000r\000g\000a\000n\000i\000z\000a\000c\000i\000o\000n\000a\000l}{figure.caption.22}% 57
\BOOKMARK [1][-]{figure.caption.24}{\376\377\000P\000l\000a\000n\000\040\000d\000e\000\040\000N\000e\000g\000o\000c\000i\000o\000s}{}% 58
\BOOKMARK [2][-]{section*.25}{\376\377\000E\000s\000t\000u\000d\000i\000o\000\040\000d\000e\000\040\000m\000e\000r\000c\000a\000d\000o}{figure.caption.24}% 59
\BOOKMARK [3][-]{section*.25}{\376\377\000I\000d\000e\000n\000t\000i\000f\000i\000c\000a\000c\000i\000\363\000n\000\040\000d\000e\000l\000\040\000p\000r\000o\000d\000u\000c\000t\000o}{figure.caption.24}% 60
\BOOKMARK [3][-]{section*.25}{\376\377\000D\000e\000m\000a\000n\000d\000a}{figure.caption.24}% 61
\BOOKMARK [3][-]{section*.25}{\376\377\000O\000f\000e\000r\000t\000a}{figure.caption.24}% 62
\BOOKMARK [3][-]{section*.25}{\376\377\000P\000l\000a\000n\000\040\000d\000e\000\040\000M\000a\000r\000k\000e\000t\000i\000n\000g}{figure.caption.24}% 63
\BOOKMARK [2][-]{table.caption.27}{\376\377\000E\000s\000t\000u\000d\000i\000o\000\040\000t\000\351\000c\000n\000i\000c\000o}{figure.caption.24}% 64
\BOOKMARK [3][-]{section*.28}{\376\377\000T\000a\000m\000a\000\361\000o}{table.caption.27}% 65
\BOOKMARK [3][-]{table.caption.29}{\376\377\000L\000o\000c\000a\000l\000i\000z\000a\000c\000i\000\363\000n}{table.caption.27}% 66
\BOOKMARK [3][-]{table.caption.29}{\376\377\000L\000u\000g\000a\000r\000e\000s\000\040\000c\000a\000n\000d\000i\000d\000a\000t\000o\000s}{table.caption.27}% 67
\BOOKMARK [3][-]{table.caption.32}{\376\377\000T\000i\000p\000o\000\040\000d\000e\000\040\000e\000m\000p\000r\000e\000n\000d\000i\000m\000i\000e\000n\000t\000o}{table.caption.27}% 68
\BOOKMARK [3][-]{figure.caption.33}{\376\377\000E\000q\000u\000i\000p\000o\000\040\000d\000e\000\040\000t\000r\000a\000b\000a\000j\000o}{table.caption.27}% 69
\BOOKMARK [2][-]{table.caption.34}{\376\377\000P\000r\000o\000d\000u\000c\000t\000o\000\040\000m\000\355\000n\000i\000m\000o\000\040\000v\000i\000a\000b\000l\000e}{figure.caption.24}% 70
\BOOKMARK [2][-]{table.caption.34}{\376\377\000A\000r\000q\000u\000i\000t\000e\000c\000t\000u\000r\000a\000\040\000d\000e\000l\000\040\000S\000i\000s\000t\000e\000m\000a}{figure.caption.24}% 71
\BOOKMARK [3][-]{section*.35}{\376\377\000J\000u\000s\000t\000i\000f\000i\000c\000a\000c\000i\000\363\000n\000\040\000T\000\351\000c\000n\000i\000c\000a\000\040\000d\000e\000\040\000l\000a\000\040\000A\000r\000q\000u\000i\000t\000e\000c\000t\000u\000r\000a}{table.caption.34}% 72
\BOOKMARK [3][-]{Item.3}{\376\377\000M\000o\000d\000e\000l\000a\000d\000o\000\040\000d\000e\000\040\000l\000a\000\040\000I\000n\000f\000r\000a\000e\000s\000t\000r\000u\000c\000t\000u\000r\000a\000\040\000y\000\040\000C\000o\000m\000p\000o\000n\000e\000n\000t\000e\000s}{table.caption.34}% 73
\BOOKMARK [3][-]{Item.3}{\376\377\000T\000e\000c\000n\000o\000l\000o\000g\000\355\000a\000s}{table.caption.34}% 74
\BOOKMARK [3][-]{Item.3}{\376\377\000R\000e\000q\000u\000e\000r\000i\000m\000i\000e\000n\000t\000o\000s}{table.caption.34}% 75
\BOOKMARK [3][-]{table.caption.56}{\376\377\000C\000a\000s\000o\000s\000\040\000d\000e\000\040\000u\000s\000o}{table.caption.34}% 76
\BOOKMARK [3][-]{figure.caption.67}{\376\377\000V\000i\000s\000t\000a\000s\000\040\000p\000r\000i\000n\000c\000i\000p\000a\000l\000e\000s\000\040\000d\000e\000l\000\040\000p\000r\000o\000t\000o\000t\000i\000p\000o}{table.caption.34}% 77
\BOOKMARK [2][-]{figure.caption.70}{\376\377\000E\000s\000t\000u\000d\000i\000o\000\040\000l\000e\000g\000a\000l}{figure.caption.24}% 78
\BOOKMARK [3][-]{section*.71}{\376\377\000T\000i\000p\000o\000\040\000d\000e\000\040\000s\000o\000c\000i\000e\000d\000a\000d}{figure.caption.70}% 79
\BOOKMARK [3][-]{section*.71}{\376\377\000E\000s\000p\000e\000c\000i\000f\000i\000c\000a\000c\000i\000o\000n\000e\000s\000\040\000g\000e\000n\000e\000r\000a\000l\000e\000s}{figure.caption.70}% 80
\BOOKMARK [3][-]{section*.71}{\376\377\000O\000b\000l\000i\000g\000a\000c\000i\000o\000n\000e\000s\000\040\000l\000e\000g\000a\000l\000e\000s}{figure.caption.70}% 81
\BOOKMARK [3][-]{Item.11}{\376\377\000P\000r\000o\000c\000e\000s\000o\000\040\000p\000a\000r\000a\000\040\000d\000i\000s\000o\000l\000u\000c\000i\000\363\000n\000\040\000d\000e\000\040\000l\000a\000\040\000e\000m\000p\000r\000e\000s\000a}{figure.caption.70}% 82
\BOOKMARK [3][-]{Item.21}{\376\377\000P\000r\000o\000p\000i\000e\000d\000a\000d\000\040\000i\000n\000t\000e\000l\000e\000c\000t\000u\000a\000l}{figure.caption.70}% 83
\BOOKMARK [3][-]{Item.21}{\376\377\000P\000e\000r\000m\000i\000s\000o\000s\000\040\000y\000\040\000l\000i\000c\000e\000n\000c\000i\000a\000s\000\040\000r\000e\000q\000u\000e\000r\000i\000d\000o\000s}{figure.caption.70}% 84
\BOOKMARK [3][-]{Item.21}{\376\377\000N\000o\000r\000m\000a\000s\000\040\000t\000\351\000c\000n\000i\000c\000a\000s\000\040\000y\000\040\000d\000e\000\040\000c\000a\000l\000i\000d\000a\000d}{figure.caption.70}% 85
\BOOKMARK [2][-]{Item.21}{\376\377\000E\000s\000t\000u\000d\000i\000o\000\040\000a\000m\000b\000i\000e\000n\000t\000a\000l}{figure.caption.24}% 86
\BOOKMARK [3][-]{section*.72}{\376\377\000I\000m\000p\000a\000c\000t\000o\000s\000\040\000a\000m\000b\000i\000e\000n\000t\000a\000l\000e\000s}{Item.21}% 87
\BOOKMARK [3][-]{table.caption.73}{\376\377\000P\000o\000l\000\355\000t\000i\000c\000a\000s\000\040\000a\000m\000b\000i\000e\000n\000t\000a\000l\000e\000s}{Item.21}% 88
\BOOKMARK [1][-]{table.caption.73}{\376\377\000A\000n\000\341\000l\000i\000s\000i\000s\000\040\000F\000i\000n\000a\000n\000c\000i\000e\000r\000o}{}% 89
\BOOKMARK [2][-]{section*.74}{\376\377\000I\000n\000v\000e\000r\000s\000i\000\363\000n\000\040\000i\000n\000i\000c\000i\000a\000l}{table.caption.73}% 90
\BOOKMARK [2][-]{table.caption.75}{\376\377\000E\000s\000t\000a\000b\000l\000e\000c\000i\000m\000i\000e\000n\000t\000o}{table.caption.73}% 91
\BOOKMARK [3][-]{section*.76}{\376\377\000A\000c\000t\000i\000v\000o\000s\000\040\000f\000i\000j\000o\000s\000\040\000t\000a\000n\000g\000i\000b\000l\000e\000s}{table.caption.75}% 92
\BOOKMARK [3][-]{table.caption.77}{\376\377\000A\000c\000t\000i\000v\000o\000s\000\040\000f\000i\000j\000o\000s\000\040\000i\000n\000t\000a\000n\000g\000i\000b\000l\000e\000s}{table.caption.75}% 93
\BOOKMARK [3][-]{table.caption.78}{\376\377\000A\000c\000t\000i\000v\000o\000s\000\040\000f\000i\000j\000o\000s\000\040\000i\000n\000t\000a\000n\000g\000i\000b\000l\000e\000s}{table.caption.75}% 94
\BOOKMARK [3][-]{table.caption.79}{\376\377\000F\000i\000n\000a\000n\000c\000i\000a\000m\000i\000e\000n\000t\000o}{table.caption.75}% 95
\BOOKMARK [2][-]{table.caption.80}{\376\377\000I\000n\000g\000r\000e\000s\000o\000s\000\040\000y\000\040\000e\000g\000r\000e\000s\000o\000s}{table.caption.73}% 96
\BOOKMARK [3][-]{section*.81}{\376\377\000I\000n\000g\000r\000e\000s\000o\000s}{table.caption.80}% 97
\BOOKMARK [3][-]{table.caption.82}{\376\377\000E\000g\000r\000e\000s\000o\000s}{table.caption.80}% 98
\BOOKMARK [2][-]{table.caption.83}{\376\377\000P\000r\000o\000y\000e\000c\000c\000i\000\363\000n\000\040\000d\000e\000\040\000v\000e\000n\000t\000a\000s}{table.caption.73}% 99
\BOOKMARK [2][-]{table.caption.85}{\376\377\000A\000m\000o\000r\000t\000i\000z\000a\000c\000i\000\363\000n\000\040\000y\000\040\000d\000e\000p\000r\000e\000c\000i\000a\000c\000i\000\363\000n}{table.caption.73}% 100
\BOOKMARK [3][-]{section*.86}{\376\377\000P\000r\000\351\000s\000t\000a\000m\000o}{table.caption.85}% 101
\BOOKMARK [3][-]{table.caption.87}{\376\377\000A\000m\000o\000r\000t\000i\000z\000a\000c\000i\000\363\000n}{table.caption.85}% 102
\BOOKMARK [3][-]{table.caption.88}{\376\377\000D\000e\000p\000r\000e\000c\000i\000a\000c\000i\000\363\000n}{table.caption.85}% 103
\BOOKMARK [2][-]{table.caption.89}{\376\377\000B\000a\000l\000a\000n\000c\000e\000\040\000g\000e\000n\000e\000r\000a\000l}{table.caption.73}% 104
\BOOKMARK [2][-]{table.caption.90}{\376\377\000E\000s\000t\000a\000d\000o\000\040\000d\000e\000\040\000r\000e\000s\000u\000l\000t\000a\000d\000o\000s}{table.caption.73}% 105
\BOOKMARK [2][-]{table.caption.91}{\376\377\000F\000l\000u\000j\000o\000\040\000d\000e\000\040\000c\000a\000j\000a}{table.caption.73}% 106
\BOOKMARK [2][-]{table.caption.92}{\376\377\000F\000l\000u\000j\000o\000\040\000d\000e\000\040\000e\000f\000e\000c\000t\000i\000v\000o}{table.caption.73}% 107
\BOOKMARK [2][-]{table.caption.93}{\376\377\000P\000u\000n\000t\000o\000\040\000d\000e\000\040\000e\000q\000u\000i\000l\000i\000b\000r\000i\000o}{table.caption.73}% 108
\BOOKMARK [2][-]{table.caption.97}{\376\377\000I\000n\000d\000i\000c\000a\000d\000o\000r\000e\000s\000\040\000f\000i\000n\000a\000n\000c\000i\000e\000r\000o\000s}{table.caption.73}% 109
\BOOKMARK [1][-]{table.caption.100}{\376\377\000P\000l\000a\000n\000\040\000d\000e\000\040\000N\000e\000g\000o\000c\000i\000o\000s}{}% 110
\BOOKMARK [2][-]{section*.101}{\376\377\000M\000a\000t\000r\000i\000z\000\040\000P\000E\000Y\000E\000A}{table.caption.100}% 111
\BOOKMARK [3][-]{Item.27}{\376\377\000D\000i\000m\000e\000n\000s\000i\000\363\000n\000\040\000i\000n\000t\000e\000r\000n\000a}{table.caption.100}% 112
\BOOKMARK [3][-]{table.35}{\376\377\000D\000i\000m\000e\000n\000s\000i\000\363\000n\000\040\000e\000x\000t\000e\000r\000n\000a}{table.caption.100}% 113
\BOOKMARK [3][-]{table.37}{\376\377\000R\000e\000s\000u\000l\000t\000a\000d\000o\000s\000\040\000m\000a\000t\000r\000i\000z\000\040\000P\000E\000Y\000E\000A}{table.caption.100}% 114
\BOOKMARK [3][-]{figure.caption.103}{\376\377\000A\000n\000\341\000l\000i\000s\000i\000s\000\040\000d\000e\000\040\000R\000e\000s\000u\000l\000t\000a\000d\000o\000s\000\040\000y\000\040\000D\000i\000r\000e\000c\000t\000r\000i\000c\000e\000s\000\040\000E\000s\000t\000r\000a\000t\000\351\000g\000i\000c\000a\000s}{table.caption.100}% 115
\BOOKMARK [2][-]{figure.caption.103}{\376\377\000M\000a\000t\000r\000i\000z\000\040\000D\000O\000F\000A}{table.caption.100}% 116
\BOOKMARK [2][-]{figure.caption.105}{\376\377\000A\000n\000\341\000l\000i\000s\000i\000s\000\040\000D\000O\000F\000A}{table.caption.100}% 117
\BOOKMARK [3][-]{section*.106}{\376\377\000E\000s\000t\000r\000a\000t\000e\000g\000i\000a\000s\000\040\000F\000O\000\040\000\050\000F\000o\000r\000t\000a\000l\000e\000z\000a\000s\000-\000O\000p\000o\000r\000t\000u\000n\000i\000d\000a\000d\000e\000s\000\051}{figure.caption.105}% 118
\BOOKMARK [3][-]{section*.106}{\376\377\000E\000s\000t\000r\000a\000t\000e\000g\000i\000a\000s\000\040\000D\000O\000\040\000\050\000D\000e\000b\000i\000l\000i\000d\000a\000d\000e\000s\000-\000O\000p\000o\000r\000t\000u\000n\000i\000d\000a\000d\000e\000s\000\051}{figure.caption.105}% 119
\BOOKMARK [3][-]{section*.106}{\376\377\000E\000s\000t\000r\000a\000t\000e\000g\000i\000a\000s\000\040\000F\000A\000\040\000\050\000F\000o\000r\000t\000a\000l\000e\000z\000a\000s\000-\000A\000m\000e\000n\000a\000z\000a\000s\000\051}{figure.caption.105}% 120
\BOOKMARK [3][-]{section*.106}{\376\377\000E\000s\000t\000r\000a\000t\000e\000g\000i\000a\000s\000\040\000D\000A\000\040\000\050\000D\000e\000b\000i\000l\000i\000d\000a\000d\000e\000s\000-\000A\000m\000e\000n\000a\000z\000a\000s\000\051}{figure.caption.105}% 121
\BOOKMARK [1][-]{section*.106}{\376\377\000A\000n\000\341\000l\000i\000s\000i\000s\000\040\000d\000e\000\040\000R\000i\000e\000s\000g\000o}{}% 122
\BOOKMARK [2][-]{section*.107}{\376\377\000F\000a\000c\000t\000o\000r\000e\000s\000\040\000l\000i\000m\000i\000t\000a\000n\000t\000e\000s}{section*.106}% 123
\BOOKMARK [2][-]{Item.31}{\376\377\000F\000a\000c\000t\000o\000r\000e\000s\000\040\000c\000l\000a\000v\000e\000s\000\040\000d\000e\000\040\000\351\000x\000i\000t\000o}{section*.106}% 124
\BOOKMARK [2][-]{Item.36}{\376\377\000R\000i\000e\000s\000g\000o\000s\000\040\000l\000e\000g\000a\000l\000e\000s}{section*.106}% 125
\BOOKMARK [2][-]{Item.39}{\376\377\000R\000i\000e\000s\000g\000o\000s\000\040\000o\000p\000e\000r\000a\000c\000i\000o\000n\000a\000l\000e\000s}{section*.106}% 126
\BOOKMARK [1][-]{Item.42}{\376\377\000A\000n\000e\000x\000o\000s}{}% 127
\BOOKMARK [1][-]{table.caption.109}{\376\377\000R\000e\000f\000e\000r\000e\000n\000c\000i\000a\000s}{}% 128
